<?xml version="1.0" encoding="UTF-8"?>
<!-- Generated by org.testng.reporters.JUnitReportReporter -->
<testsuite hostname="DESKTOP-KV5U899" failures="0" tests="1" name="test.SwagLabLoginTest" time="5.038" errors="0" timestamp="2024-11-13T00:03:51 IST" skipped="0">
  <testcase classname="test.SwagLabLoginTest" name="verifyIfUserIsAbleTologinWithValidCredentials" time="5.038"/>
</testsuite> <!-- test.SwagLabLoginTest -->
