<?xml version="1.0" encoding="UTF-8"?>
<!-- Generated by org.testng.reporters.JUnitReportReporter -->
<testsuite hostname="DESKTOP-KV5U899" failures="0" tests="1" name="test.SwagLabCartTest" time="11.322" errors="0" timestamp="2024-11-18T18:52:02 IST" skipped="0">
  <testcase classname="test.SwagLabCartTest" name="VerifyClickOnCartIconCartIsDisplayed" time="11.322"/>
</testsuite> <!-- test.SwagLabCartTest -->
